
> @voerkalogger/indexeddb@0.0.1 build E:\Work\Code\sources\voerkalogger\packages\transports\indexedDB
> tsup

[34mCLI[39m Building entry: src/index.ts
[34mCLI[39m Using tsconfig: tsconfig.json
[34mCLI[39m tsup v8.4.0
[34mCLI[39m Using tsup config: E:\Work\Code\sources\voerkalogger\packages\transports\indexedDB\tsup.config.ts
[34mCLI[39m Target: es2016
[34mCLI[39m Cleaning output folder
[34mCJS[39m Build start
[34mESM[39m Build start
[34mDTS[39m Build start
[32mCJS[39m [1mdist\index.js     [22m[32m5.21 KB[39m
[32mCJS[39m [1mdist\index.js.map [22m[32m17.74 KB[39m
[32mCJS[39m ⚡️ Build success in 2283ms
[32mESM[39m [1mdist\index.mjs     [22m[32m5.06 KB[39m
[32mESM[39m [1mdist\index.mjs.map [22m[32m17.74 KB[39m
[32mESM[39m ⚡️ Build success in 2283ms
[32mDTS[39m ⚡️ Build success in 11953ms
[32mDTS[39m [1mdist\index.d.ts  [22m[32m1.40 KB[39m
[32mDTS[39m [1mdist\index.d.mts [22m[32m1.40 KB[39m
